Compiling 152 files with Solc 0.8.26
Solc 0.8.26 finished in 121.90s
Compiler run successful with warnings:
Warning (2072): Unused local variable.
   --> src/core/CostCalculator.sol:135:9:
    |
135 |         bool meetsThreshold = currentCost.totalCostUSD.meetsSavingsThreshold(
    |         ^^^^^^^^^^^^^^^^^^^

Warning (5667): Unused function parameter. Remove or comment out the variable name to silence this warning.
   --> src/integrations/ChainlinkIntegration.sol:211:69:
    |
211 |     function calculateGasCostUSD(uint256 gasUsed, uint256 gasPrice, uint256 chainId) 
    |                                                                     ^^^^^^^^^^^^^^^

Warning (5667): Unused function parameter. Remove or comment out the variable name to silence this warning.
   --> src/integrations/ChainlinkIntegration.sol:235:53:
    |
235 |     function _getPriceFromFeed(address feedAddress, address token) private view returns (PriceData memory) {
    |                                                     ^^^^^^^^^^^^^

Warning (5667): Unused try/catch parameter. Remove or comment out the variable name to silence this warning.
   --> src/integrations/ChainlinkIntegration.sol:239:13:
    |
239 |             uint256 startedAt,
    |             ^^^^^^^^^^^^^^^^^

Warning (5667): Unused try/catch parameter. Remove or comment out the variable name to silence this warning.
   --> src/integrations/ChainlinkIntegration.sol:241:13:
    |
241 |             uint80 answeredInRound
    |             ^^^^^^^^^^^^^^^^^^^^^^

Warning (5667): Unused function parameter. Remove or comment out the variable name to silence this warning.
  --> src/integrations/AcrossIntegration.sol:84:9:
   |
84 |         address originToken,
   |         ^^^^^^^^^^^^^^^^^^^

Warning (5667): Unused try/catch parameter. Remove or comment out the variable name to silence this warning.
   --> src/integrations/AcrossIntegration.sol:250:18:
    |
250 |         } catch (bytes memory lowLevelData) {
    |                  ^^^^^^^^^^^^^^^^^^^^^^^^^

Warning (5667): Unused function parameter. Remove or comment out the variable name to silence this warning.
   --> src/integrations/AcrossIntegration.sol:521:53:
    |
521 |     function _optimizeRelayerFee(int64 proposedFee, address token, uint256 amount) private view returns (int64) {
    |                                                     ^^^^^^^^^^^^^

Warning (5667): Unused function parameter. Remove or comment out the variable name to silence this warning.
   --> src/integrations/AcrossIntegration.sol:521:68:
    |
521 |     function _optimizeRelayerFee(int64 proposedFee, address token, uint256 amount) private view returns (int64) {
    |                                                                    ^^^^^^^^^^^^^^

Warning (5667): Unused function parameter. Remove or comment out the variable name to silence this warning.
   --> src/integrations/AcrossIntegration.sol:569:9:
    |
569 |         address token,
    |         ^^^^^^^^^^^^^

Warning (5667): Unused function parameter. Remove or comment out the variable name to silence this warning.
   --> src/integrations/AcrossIntegration.sol:571:9:
    |
571 |         uint256 destinationChain,
    |         ^^^^^^^^^^^^^^^^^^^^^^^^

Warning (2072): Unused local variable.
   --> src/integrations/UniswapV4Integration.sol:129:9:
    |
129 |         PoolId poolId = key.toId();
    |         ^^^^^^^^^^^^^

Warning (2072): Unused local variable.
   --> src/integrations/UniswapV4Integration.sol:200:10:
    |
200 |         (uint160 sqrtPriceX96, int24 tick, , ) = poolManager.getSlot0(poolId);
    |          ^^^^^^^^^^^^^^^^^^^^

Warning (2072): Unused local variable.
   --> src/integrations/UniswapV4Integration.sol:248:9:
    |
248 |         PoolId poolId = key.toId();
    |         ^^^^^^^^^^^^^

Warning (5667): Unused function parameter. Remove or comment out the variable name to silence this warning.
   --> src/integrations/UniswapV4Integration.sol:267:9:
    |
267 |         uint256 swapAmount
    |         ^^^^^^^^^^^^^^^^^^

Warning (2072): Unused local variable.
   --> src/integrations/UniswapV4Integration.sol:274:13:
    |
274 |             PoolKey memory key = PoolKey({
    |             ^^^^^^^^^^^^^^^^^^

Warning (5667): Unused function parameter. Remove or comment out the variable name to silence this warning.
   --> src/integrations/UniswapV4Integration.sol:337:9:
    |
337 |         uint256 amountOut
    |         ^^^^^^^^^^^^^^^^^

Warning (5667): Unused function parameter. Remove or comment out the variable name to silence this warning.
  --> test/mocks/MockSpokePool.sol:25:9:
   |
25 |         address depositor,
   |         ^^^^^^^^^^^^^^^^^

Warning (5667): Unused function parameter. Remove or comment out the variable name to silence this warning.
  --> test/mocks/MockSpokePool.sol:28:9:
   |
28 |         address outputToken,
   |         ^^^^^^^^^^^^^^^^^^^

Warning (5667): Unused function parameter. Remove or comment out the variable name to silence this warning.
  --> test/mocks/MockSpokePool.sol:30:9:
   |
30 |         uint256 outputAmount,
   |         ^^^^^^^^^^^^^^^^^^^^

Warning (5667): Unused function parameter. Remove or comment out the variable name to silence this warning.
  --> test/mocks/MockSpokePool.sol:32:9:
   |
32 |         address exclusiveRelayer,
   |         ^^^^^^^^^^^^^^^^^^^^^^^^

Warning (5667): Unused function parameter. Remove or comment out the variable name to silence this warning.
  --> test/mocks/MockSpokePool.sol:33:9:
   |
33 |         uint32 quoteTimestamp,
   |         ^^^^^^^^^^^^^^^^^^^^^

Warning (5667): Unused function parameter. Remove or comment out the variable name to silence this warning.
  --> test/mocks/MockSpokePool.sol:34:9:
   |
34 |         uint32 fillDeadline,
   |         ^^^^^^^^^^^^^^^^^^^

Warning (5667): Unused function parameter. Remove or comment out the variable name to silence this warning.
  --> test/mocks/MockSpokePool.sol:35:9:
   |
35 |         uint32 exclusivityDeadline,
   |         ^^^^^^^^^^^^^^^^^^^^^^^^^^

Warning (5667): Unused function parameter. Remove or comment out the variable name to silence this warning.
  --> test/mocks/MockSpokePool.sol:36:9:
   |
36 |         bytes calldata message
   |         ^^^^^^^^^^^^^^^^^^^^^^

Warning (5667): Unused function parameter. Remove or comment out the variable name to silence this warning.
  --> test/mocks/MockChainlinkIntegration.sol:92:27:
   |
92 |     function isPriceStale(address token, uint256 maxAge) external view override returns (bool) {
   |                           ^^^^^^^^^^^^^

Warning (2072): Unused local variable.
   --> test/unit/AcrossIntegration.t.sol:142:10:
    |
142 |         (address optimalRelayer, uint256 estimatedFee) = 
    |          ^^^^^^^^^^^^^^^^^^^^^^

Warning (2072): Unused local variable.
   --> test/unit/AcrossIntegration.t.sol:393:9:
    |
393 |         uint256 newSlippageTolerance = 200; // 2%
    |         ^^^^^^^^^^^^^^^^^^^^^^^^^^^^

Warning (2072): Unused local variable.
   --> test/unit/CostCalculator.t.sol:132:13:
    |
132 |             uint256 maxSlippageBPS,
    |             ^^^^^^^^^^^^^^^^^^^^^^

Warning (2072): Unused local variable.
   --> test/unit/CostCalculator.t.sol:133:13:
    |
133 |             uint256 mevProtectionFeeBPS,
    |             ^^^^^^^^^^^^^^^^^^^^^^^^^^^

Warning (2072): Unused local variable.
   --> test/unit/CostCalculator.t.sol:134:13:
    |
134 |             uint256 gasEstimationMultiplier
    |             ^^^^^^^^^^^^^^^^^^^^^^^^^^^^^^^

Warning (2072): Unused local variable.
   --> test/unit/CrossChainManager.t.sol:291:30:
    |
291 |         (uint256 totalSwaps, uint256 successfulSwaps, uint256 failedSwaps, uint256 avgTime) = 
    |                              ^^^^^^^^^^^^^^^^^^^^^^^

Warning (2072): Unused local variable.
   --> test/unit/CrossChainManager.t.sol:291:55:
    |
291 |         (uint256 totalSwaps, uint256 successfulSwaps, uint256 failedSwaps, uint256 avgTime) = 
    |                                                       ^^^^^^^^^^^^^^^^^^^

Warning (2072): Unused local variable.
   --> test/unit/CrossChainManager.t.sol:291:76:
    |
291 |         (uint256 totalSwaps, uint256 successfulSwaps, uint256 failedSwaps, uint256 avgTime) = 
    |                                                                            ^^^^^^^^^^^^^^^

Warning (2072): Unused local variable.
   --> test/unit/CrossChainManager.t.sol:388:59:
    |
388 |         (uint256 initialTotal, uint256 initialSuccessful, uint256 initialFailed, uint256 initialAvgTime) = 
    |                                                           ^^^^^^^^^^^^^^^^^^^^^

Warning (2072): Unused local variable.
   --> test/unit/CrossChainManager.t.sol:388:82:
    |
388 |         (uint256 initialTotal, uint256 initialSuccessful, uint256 initialFailed, uint256 initialAvgTime) = 
    |                                                                                  ^^^^^^^^^^^^^^^^^^^^^^

Warning (2072): Unused local variable.
   --> test/unit/CrossChainManager.t.sol:410:51:
    |
410 |         (uint256 newTotal, uint256 newSuccessful, uint256 newFailed, uint256 newAvgTime) = 
    |                                                   ^^^^^^^^^^^^^^^^^

Warning (2072): Unused local variable.
   --> test/unit/CrossChainManager.t.sol:410:70:
    |
410 |         (uint256 newTotal, uint256 newSuccessful, uint256 newFailed, uint256 newAvgTime) = 
    |                                                                      ^^^^^^^^^^^^^^^^^^

Warning (2072): Unused local variable.
   --> test/unit/GasOptimizationHook.t.sol:160:34:
    |
160 |         (uint256 optimalChainId, uint256 expectedSavings) = costCalculator.findOptimalChain(params);
    |                                  ^^^^^^^^^^^^^^^^^^^^^^^

Warning (5667): Unused function parameter. Remove or comment out the variable name to silence this warning.
  --> test/unit/GasOptimizationHookDetailed.t.sol:21:23:
   |
21 |     function getSlot0(bytes32 poolId) external pure returns (uint160, int24, uint24, uint24) {
   |                       ^^^^^^^^^^^^^^

Warning (5667): Unused function parameter. Remove or comment out the variable name to silence this warning.
  --> test/unit/GasOptimizationHookDetailed.t.sol:74:27:
   |
74 |     function convertToUSD(address token, uint256 amount) external pure returns (uint256) {
   |                           ^^^^^^^^^^^^^

Warning (2072): Unused local variable.
   --> test/unit/GasOptimizationHookDetailed.t.sol:349:9:
    |
349 |         uint256 currentTime = block.timestamp;
    |         ^^^^^^^^^^^^^^^^^^^

Warning (5667): Unused function parameter. Remove or comment out the variable name to silence this warning.
  --> test/unit/OptimizedBaseHookDetailed.t.sol:16:23:
   |
16 |     function getSlot0(bytes32 poolId) external pure returns (uint160, int24, uint24, uint24) {
   |                       ^^^^^^^^^^^^^^

Warning (5667): Unused function parameter. Remove or comment out the variable name to silence this warning.
  --> test/unit/OptimizedBaseHookDetailed.t.sol:72:9:
   |
72 |         bytes calldata hookData
   |         ^^^^^^^^^^^^^^^^^^^^^^^

Warning (2072): Unused local variable.
  --> test/unit/StorageContracts.t.sol:39:9:
   |
39 |         bytes32 expectedSlot = keccak256("crosschain.storage.layout");
   |         ^^^^^^^^^^^^^^^^^^^^

Warning (2072): Unused local variable.
  --> test/unit/StorageContracts.t.sol:51:9:
   |
51 |         bytes32 expectedSlot = keccak256("gasoptimization.storage.layout");
   |         ^^^^^^^^^^^^^^^^^^^^

Warning (2018): Function state mutability can be restricted to pure
   --> src/core/GasPriceOracle.sol:202:5:
    |
202 |     function validateGasPrice(uint256 chainId, uint256 gasPrice) external view override returns (bool) {
    |     ^ (Relevant source part starts here and spans across multiple lines).

Warning (2018): Function state mutability can be restricted to pure
  --> src/integrations/ChainlinkIntegration.sol:66:5:
   |
66 |     function getGasPriceETH(uint256 chainId) external view override returns (uint256 gasPrice) {
   |     ^ (Relevant source part starts here and spans across multiple lines).

Warning (2018): Function state mutability can be restricted to pure
   --> src/integrations/UniswapV4Integration.sol:264:5:
    |
264 |     function getOptimalFeeTier(
    |     ^ (Relevant source part starts here and spans across multiple lines).

Warning (2018): Function state mutability can be restricted to pure
 --> test/coverage/CoverageReport.t.sol:9:5:
  |
9 |     function testCoverageReport() public {
  |     ^ (Relevant source part starts here and spans across multiple lines).

Warning (2018): Function state mutability can be restricted to pure
  --> test/coverage/CoverageReport.t.sol:38:5:
   |
38 |     function testComponentsList() public {
   |     ^ (Relevant source part starts here and spans across multiple lines).

Warning (2018): Function state mutability can be restricted to view
  --> test/unit/AcrossIntegration.t.sol:40:5:
   |
40 |     function testInitialization() public {
   |     ^ (Relevant source part starts here and spans across multiple lines).

Warning (2018): Function state mutability can be restricted to view
  --> test/unit/AcrossIntegration.t.sol:46:5:
   |
46 |     function testGetBridgeFeeQuote() public {
   |     ^ (Relevant source part starts here and spans across multiple lines).

Warning (2018): Function state mutability can be restricted to view
  --> test/unit/AcrossIntegration.t.sol:57:5:
   |
57 |     function testGetSpokePool() public {
   |     ^ (Relevant source part starts here and spans across multiple lines).

Warning (2018): Function state mutability can be restricted to view
  --> test/unit/AcrossIntegration.t.sol:63:5:
   |
63 |     function testIsChainSupported() public {
   |     ^ (Relevant source part starts here and spans across multiple lines).

Warning (2018): Function state mutability can be restricted to view
  --> test/unit/AcrossIntegration.t.sol:71:5:
   |
71 |     function testGetMinMaxDepositAmounts() public {
   |     ^ (Relevant source part starts here and spans across multiple lines).

Warning (2018): Function state mutability can be restricted to view
   --> test/unit/AcrossIntegration.t.sol:141:5:
    |
141 |     function testGetOptimalRelayer() public {
    |     ^ (Relevant source part starts here and spans across multiple lines).

Warning (2018): Function state mutability can be restricted to view
   --> test/unit/AcrossIntegration.t.sol:201:5:
    |
201 |     function testFuzzBridgeFeeQuote(uint256 amount, uint256 chainId) public {
    |     ^ (Relevant source part starts here and spans across multiple lines).

Warning (2018): Function state mutability can be restricted to view
   --> test/unit/AcrossIntegration.t.sol:270:5:
    |
270 |     function testGetBridgeStatus() public {
    |     ^ (Relevant source part starts here and spans across multiple lines).

Warning (2018): Function state mutability can be restricted to view
   --> test/unit/AcrossIntegration.t.sol:361:5:
    |
361 |     function testCalculateBridgeCost() public {
    |     ^ (Relevant source part starts here and spans across multiple lines).

Warning (2018): Function state mutability can be restricted to view
   --> test/unit/AcrossIntegration.t.sol:374:5:
    |
374 |     function testGetSupportedChains() public {
    |     ^ (Relevant source part starts here and spans across multiple lines).

Warning (2018): Function state mutability can be restricted to view
   --> test/unit/AcrossIntegration.t.sol:402:5:
    |
402 |     function testFallbackRelayerSelection() public {
    |     ^ (Relevant source part starts here and spans across multiple lines).

Warning (2018): Function state mutability can be restricted to pure
   --> test/unit/AllChainsIntegration.t.sol:146:5:
    |
146 |     function testChainConstants() public {
    |     ^ (Relevant source part starts here and spans across multiple lines).

Warning (2018): Function state mutability can be restricted to view
   --> test/unit/AllChainsIntegration.t.sol:155:5:
    |
155 |     function testConfigurationFilesExist() public {
    |     ^ (Relevant source part starts here and spans across multiple lines).

Warning (2018): Function state mutability can be restricted to view
  --> test/unit/ChainlinkIntegration.t.sol:31:5:
   |
31 |     function testInitialization() public {
   |     ^ (Relevant source part starts here and spans across multiple lines).

Warning (2018): Function state mutability can be restricted to view
  --> test/unit/ChainlinkIntegration.t.sol:38:5:
   |
38 |     function testGetETHPriceUSD() public {
   |     ^ (Relevant source part starts here and spans across multiple lines).

Warning (2018): Function state mutability can be restricted to view
  --> test/unit/ChainlinkIntegration.t.sol:58:5:
   |
58 |     function testGetTokenPriceETH() public {
   |     ^ (Relevant source part starts here and spans across multiple lines).

Warning (2018): Function state mutability can be restricted to view
  --> test/unit/ChainlinkIntegration.t.sol:67:5:
   |
67 |     function testGetTokenPriceWETH() public {
   |     ^ (Relevant source part starts here and spans across multiple lines).

Warning (2018): Function state mutability can be restricted to view
  --> test/unit/ChainlinkIntegration.t.sol:76:5:
   |
76 |     function testGetGasPriceETH() public {
   |     ^ (Relevant source part starts here and spans across multiple lines).

Warning (2018): Function state mutability can be restricted to view
   --> test/unit/ChainlinkIntegration.t.sol:224:5:
    |
224 |     function testCalculateGasCostUSD() public {
    |     ^ (Relevant source part starts here and spans across multiple lines).

Warning (2018): Function state mutability can be restricted to view
   --> test/unit/ChainlinkIntegration.t.sol:259:5:
    |
259 |     function testFuzzGasPriceCalculation(uint256 gasUsed, uint256 gasPrice) public {
    |     ^ (Relevant source part starts here and spans across multiple lines).

Warning (2018): Function state mutability can be restricted to view
   --> test/unit/CostCalculator.t.sol:100:5:
    |
100 |     function testCalculateGasCostUSD() public {
    |     ^ (Relevant source part starts here and spans across multiple lines).

Warning (2018): Function state mutability can be restricted to view
   --> test/unit/CostCalculator.t.sol:160:5:
    |
160 |     function testCalculateSlippageCost() public {
    |     ^ (Relevant source part starts here and spans across multiple lines).

Warning (2018): Function state mutability can be restricted to view
   --> test/unit/CostCalculator.t.sol:168:5:
    |
168 |     function testCalculateMEVProtectionFee() public {
    |     ^ (Relevant source part starts here and spans across multiple lines).

Warning (2018): Function state mutability can be restricted to view
   --> test/unit/CostCalculator.t.sol:182:5:
    |
182 |     function testGetCostBreakdown() public {
    |     ^ (Relevant source part starts here and spans across multiple lines).

Warning (2018): Function state mutability can be restricted to view
   --> test/unit/CostCalculator.t.sol:221:5:
    |
221 |     function testCostCalculationWithDifferentTokens() public {
    |     ^ (Relevant source part starts here and spans across multiple lines).

Warning (2018): Function state mutability can be restricted to pure
  --> test/unit/GasCalculations.t.sol:11:5:
   |
11 |     function testCalculateSavingsPercent() public {
   |     ^ (Relevant source part starts here and spans across multiple lines).

Warning (2018): Function state mutability can be restricted to pure
  --> test/unit/GasCalculations.t.sol:19:5:
   |
19 |     function testCalculateSavingsPercentNoSavings() public {
   |     ^ (Relevant source part starts here and spans across multiple lines).

Warning (2018): Function state mutability can be restricted to pure
  --> test/unit/GasCalculations.t.sol:27:5:
   |
27 |     function testCalculateAbsoluteSavings() public {
   |     ^ (Relevant source part starts here and spans across multiple lines).

Warning (2018): Function state mutability can be restricted to pure
  --> test/unit/GasCalculations.t.sol:35:5:
   |
35 |     function testMeetsSavingsThreshold() public {
   |     ^ (Relevant source part starts here and spans across multiple lines).

Warning (2018): Function state mutability can be restricted to pure
  --> test/unit/GasCalculations.t.sol:48:5:
   |
48 |     function testDoesNotMeetPercentageThreshold() public {
   |     ^ (Relevant source part starts here and spans across multiple lines).

Warning (2018): Function state mutability can be restricted to pure
  --> test/unit/GasCalculations.t.sol:61:5:
   |
61 |     function testDoesNotMeetAbsoluteThreshold() public {
   |     ^ (Relevant source part starts here and spans across multiple lines).

Warning (2018): Function state mutability can be restricted to pure
  --> test/unit/GasCalculations.t.sol:74:5:
   |
74 |     function testApplyGasSafetyMargin() public {
   |     ^ (Relevant source part starts here and spans across multiple lines).

Warning (2018): Function state mutability can be restricted to pure
  --> test/unit/GasCalculations.t.sol:82:5:
   |
82 |     function testGasEstimations() public {
   |     ^ (Relevant source part starts here and spans across multiple lines).

Warning (2018): Function state mutability can be restricted to pure
  --> test/unit/GasCalculations.t.sol:89:5:
   |
89 |     function testCalculateCrossChainGasUsage() public {
   |     ^ (Relevant source part starts here and spans across multiple lines).

Warning (2018): Function state mutability can be restricted to pure
  --> test/unit/GasCalculations.t.sol:97:5:
   |
97 |     function testValidateGasPrice() public {
   |     ^ (Relevant source part starts here and spans across multiple lines).

Warning (2018): Function state mutability can be restricted to pure
   --> test/unit/GasCalculations.t.sol:103:5:
    |
103 |     function testCalculateGasCostWei() public {
    |     ^ (Relevant source part starts here and spans across multiple lines).

Warning (2018): Function state mutability can be restricted to pure
   --> test/unit/GasCalculations.t.sol:111:5:
    |
111 |     function testBasisPointsToPercentage() public {
    |     ^ (Relevant source part starts here and spans across multiple lines).

Warning (2018): Function state mutability can be restricted to pure
   --> test/utils/TestHelpers.sol:100:5:
    |
100 |     function assertSavingsMeetThreshold(
    |     ^ (Relevant source part starts here and spans across multiple lines).

Warning (2018): Function state mutability can be restricted to pure
   --> test/unit/GasOptimizationHook.t.sol:117:5:
    |
117 |     function testHookLogicWithoutPoolManager() public {
    |     ^ (Relevant source part starts here and spans across multiple lines).

Warning (2018): Function state mutability can be restricted to view
   --> test/unit/GasOptimizationHookDetailed.t.sol:176:5:
    |
176 |     function testGetOptimizationQuote() public {
    |     ^ (Relevant source part starts here and spans across multiple lines).

Warning (2018): Function state mutability can be restricted to view
   --> test/unit/GasOptimizationHookDetailed.t.sol:190:5:
    |
190 |     function testGetOptimizationQuoteNoOptimization() public {
    |     ^ (Relevant source part starts here and spans across multiple lines).

Warning (2018): Function state mutability can be restricted to view
   --> test/unit/GasOptimizationHookDetailed.t.sol:317:5:
    |
317 |     function testBeforeSwapCrossChainExecution() public {
    |     ^ (Relevant source part starts here and spans across multiple lines).

Warning (2018): Function state mutability can be restricted to view
   --> test/unit/GasOptimizationHookDetailed.t.sol:332:5:
    |
332 |     function testValidateSwapParams() public {
    |     ^ (Relevant source part starts here and spans across multiple lines).

Warning (2018): Function state mutability can be restricted to view
   --> test/unit/GasOptimizationHookDetailed.t.sol:365:5:
    |
365 |     function testCurrentChainId() public {
    |     ^ (Relevant source part starts here and spans across multiple lines).

Warning (2018): Function state mutability can be restricted to view
   --> test/unit/GasPriceOracle.t.sol:112:5:
    |
112 |     function testValidateGasPrice() public {
    |     ^ (Relevant source part starts here and spans across multiple lines).

Warning (2018): Function state mutability can be restricted to view
   --> test/unit/GasPriceOracle.t.sol:118:5:
    |
118 |     function testGetSupportedChains() public {
    |     ^ (Relevant source part starts here and spans across multiple lines).

Warning (2018): Function state mutability can be restricted to view
   --> test/unit/OptimizedBaseHook.t.sol:203:5:
    |
203 |     function testInitialization() public {
    |     ^ (Relevant source part starts here and spans across multiple lines).

Warning (2018): Function state mutability can be restricted to view
   --> test/unit/OptimizedBaseHook.t.sol:268:5:
    |
268 |     function testGetCurrentChainId() public {
    |     ^ (Relevant source part starts here and spans across multiple lines).

Warning (2018): Function state mutability can be restricted to view
   --> test/unit/OptimizedBaseHook.t.sol:273:5:
    |
273 |     function testCalculateDeadline() public {
    |     ^ (Relevant source part starts here and spans across multiple lines).

Warning (2018): Function state mutability can be restricted to view
   --> test/unit/OptimizedBaseHook.t.sol:328:5:
    |
328 |     function testGetTokenBalanceERC20() public {
    |     ^ (Relevant source part starts here and spans across multiple lines).

Warning (2018): Function state mutability can be restricted to view
   --> test/unit/OptimizedBaseHook.t.sol:333:5:
    |
333 |     function testGetTokenBalanceETH() public {
    |     ^ (Relevant source part starts here and spans across multiple lines).

Warning (2018): Function state mutability can be restricted to pure
   --> test/unit/OptimizedBaseHook.t.sol:381:5:
    |
381 |     function testReentrancyGuard() public {
    |     ^ (Relevant source part starts here and spans across multiple lines).

Warning (2018): Function state mutability can be restricted to view
   --> test/unit/OptimizedBaseHook.t.sol:411:5:
    |
411 |     function testFuzzCalculateDeadline(uint256 additionalTime) public {
    |     ^ (Relevant source part starts here and spans across multiple lines).

Warning (2018): Function state mutability can be restricted to view
   --> test/unit/OptimizedBaseHook.t.sol:434:5:
    |
434 |     function testSwapParamsEdgeCases() public {
    |     ^ (Relevant source part starts here and spans across multiple lines).

Warning (2018): Function state mutability can be restricted to view
   --> test/unit/OptimizedBaseHookDetailed.t.sol:434:5:
    |
434 |     function testFuzzCalculateDeadline(uint256 additionalTime) public {
    |     ^ (Relevant source part starts here and spans across multiple lines).

Warning (2018): Function state mutability can be restricted to pure
  --> test/unit/StorageContracts.t.sol:11:5:
   |
11 |     function testCrossChainLayout() external view {
   |     ^ (Relevant source part starts here and spans across multiple lines).

Warning (2018): Function state mutability can be restricted to pure
  --> test/unit/StorageContracts.t.sol:15:5:
   |
15 |     function testGasOptimizationLayout() external view {
   |     ^ (Relevant source part starts here and spans across multiple lines).

Warning (2018): Function state mutability can be restricted to view
  --> test/unit/StorageContracts.t.sol:35:5:
   |
35 |     function testCrossChainStorageLayout() public {
   |     ^ (Relevant source part starts here and spans across multiple lines).

Warning (2018): Function state mutability can be restricted to view
  --> test/unit/StorageContracts.t.sol:47:5:
   |
47 |     function testGasOptimizationStorageLayout() public {
   |     ^ (Relevant source part starts here and spans across multiple lines).

Warning (2018): Function state mutability can be restricted to pure
  --> test/unit/StorageContracts.t.sol:79:5:
   |
79 |     function testCrossChainStorageSlot() public {
   |     ^ (Relevant source part starts here and spans across multiple lines).

Warning (2018): Function state mutability can be restricted to pure
  --> test/unit/StorageContracts.t.sol:85:5:
   |
85 |     function testGasOptimizationStorageSlot() public {
   |     ^ (Relevant source part starts here and spans across multiple lines).

Warning (2018): Function state mutability can be restricted to view
  --> test/unit/StorageContracts.t.sol:91:5:
   |
91 |     function testStorageStructSizes() public {
   |     ^ (Relevant source part starts here and spans across multiple lines).

Warning (2018): Function state mutability can be restricted to view
   --> test/unit/UniswapV4Integration.t.sol:176:5:
    |
176 |     function testGetSwapQuote() public {
    |     ^ (Relevant source part starts here and spans across multiple lines).

