Compiling 3 files with Solc 0.8.26
Solc 0.8.26 finished in 21.15s
Compiler run successful with warnings:
Warning (5667): Unused function parameter. Remove or comment out the variable name to silence this warning.
  --> test/unit/GasOptimizationHookDetailed.t.sol:23:23:
   |
23 |     function getSlot0(bytes32 poolId) external pure returns (uint160, int24, uint24, uint24) {
   |                       ^^^^^^^^^^^^^^

Warning (5667): Unused function parameter. Remove or comment out the variable name to silence this warning.
  --> test/unit/GasOptimizationHookDetailed.t.sol:76:27:
   |
76 |     function convertToUSD(address token, uint256 amount) external pure returns (uint256) {
   |                           ^^^^^^^^^^^^^

Warning (2072): Unused local variable.
   --> test/unit/GasOptimizationHookDetailed.t.sol:373:9:
    |
373 |         uint256 currentTime = block.timestamp;
    |         ^^^^^^^^^^^^^^^^^^^

Warning (5667): Unused function parameter. Remove or comment out the variable name to silence this warning.
  --> test/unit/OptimizedBaseHookDetailed.t.sol:17:23:
   |
17 |     function getSlot0(bytes32 poolId) external pure returns (uint160, int24, uint24, uint24) {
   |                       ^^^^^^^^^^^^^^

Warning (5667): Unused function parameter. Remove or comment out the variable name to silence this warning.
  --> test/unit/OptimizedBaseHookDetailed.t.sol:73:9:
   |
73 |         bytes calldata hookData
   |         ^^^^^^^^^^^^^^^^^^^^^^^

Warning (2072): Unused local variable.
   --> test/unit/OptimizedBaseHookDetailed.t.sol:447:10:
    |
447 |         (address hookAddress, bytes32 salt) = HookMiner.find(
    |          ^^^^^^^^^^^^^^^^^^^

Warning (2018): Function state mutability can be restricted to view
   --> test/unit/GasOptimizationHookDetailed.t.sol:200:5:
    |
200 |     function testGetOptimizationQuote() public {
    |     ^ (Relevant source part starts here and spans across multiple lines).

Warning (2018): Function state mutability can be restricted to view
   --> test/unit/GasOptimizationHookDetailed.t.sol:214:5:
    |
214 |     function testGetOptimizationQuoteNoOptimization() public {
    |     ^ (Relevant source part starts here and spans across multiple lines).

Warning (2018): Function state mutability can be restricted to view
   --> test/unit/GasOptimizationHookDetailed.t.sol:341:5:
    |
341 |     function testBeforeSwapCrossChainExecution() public {
    |     ^ (Relevant source part starts here and spans across multiple lines).

Warning (2018): Function state mutability can be restricted to view
   --> test/unit/GasOptimizationHookDetailed.t.sol:356:5:
    |
356 |     function testValidateSwapParams() public {
    |     ^ (Relevant source part starts here and spans across multiple lines).

Warning (2018): Function state mutability can be restricted to view
   --> test/unit/GasOptimizationHookDetailed.t.sol:389:5:
    |
389 |     function testCurrentChainId() public {
    |     ^ (Relevant source part starts here and spans across multiple lines).

Warning (2018): Function state mutability can be restricted to view
   --> test/unit/OptimizedBaseHookDetailed.t.sol:464:5:
    |
464 |     function testFuzzCalculateDeadline(uint256 additionalTime) public {
    |     ^ (Relevant source part starts here and spans across multiple lines).

